9/27/2020 9:12:18 AM	This log contains information about the import schema operation into project 'RatesCalculator.Database' on computer 'DESKTOP-O6SSLKV' by user 'Developer2019'.
9/27/2020 9:12:18 AM	Import of database schema has started.
9/27/2020 9:12:23 AM	Gathering database credentials
9/27/2020 9:12:23 AM	Gathering database options
9/27/2020 9:12:23 AM	Gathering users
9/27/2020 9:12:23 AM	Gathering roles
9/27/2020 9:12:23 AM	Gathering application roles
9/27/2020 9:12:23 AM	Gathering role memberships
9/27/2020 9:12:23 AM	Gathering filegroups
9/27/2020 9:12:23 AM	Gathering full-text catalogs
9/27/2020 9:12:23 AM	Gathering assemblies
9/27/2020 9:12:23 AM	Gathering certificates
9/27/2020 9:12:23 AM	Gathering asymmetric keys
9/27/2020 9:12:23 AM	Gathering symmetric keys
9/27/2020 9:12:23 AM	Gathering encrypted symmetric keys
9/27/2020 9:12:23 AM	Gathering schemas
9/27/2020 9:12:23 AM	Gathering XML schema collections
9/27/2020 9:12:23 AM	Gathering user-defined data types
9/27/2020 9:12:23 AM	Gathering user-defined types
9/27/2020 9:12:23 AM	Gathering table types
9/27/2020 9:12:23 AM	Gathering unique keys for table types
9/27/2020 9:12:23 AM	Gathering primary keys for table types
9/27/2020 9:12:23 AM	Gathering indexes for table types
9/27/2020 9:12:23 AM	Gathering check constraints for table types
9/27/2020 9:12:23 AM	Gathering default constraints for table types
9/27/2020 9:12:23 AM	Gathering partition functions
9/27/2020 9:12:23 AM	Gathering partition schemes
9/27/2020 9:12:23 AM	Gathering functions
9/27/2020 9:12:23 AM	Gathering encrypted functions
9/27/2020 9:12:23 AM	Gathering aggregates
9/27/2020 9:12:23 AM	Gathering procedures
9/27/2020 9:12:23 AM	Gathering encrypted procedures
9/27/2020 9:12:23 AM	Gathering tables
9/27/2020 9:12:24 AM	Gathering primary keys
9/27/2020 9:12:24 AM	Gathering unique constraints
9/27/2020 9:12:24 AM	Gathering foreign keys
9/27/2020 9:12:24 AM	Gathering default constraints
9/27/2020 9:12:24 AM	Gathering check constraints
9/27/2020 9:12:24 AM	Gathering views
9/27/2020 9:12:24 AM	Gathering encrypted views
9/27/2020 9:12:24 AM	Gathering indexes
9/27/2020 9:12:24 AM	Gathering statistics
9/27/2020 9:12:24 AM	Gathering full-text index stoplists
9/27/2020 9:12:24 AM	Gathering search property lists
9/27/2020 9:12:24 AM	Gathering search properties
9/27/2020 9:12:24 AM	Gathering full-text indexes
9/27/2020 9:12:24 AM	Gathering column store indexes
9/27/2020 9:12:24 AM	Gathering spatial indexes
9/27/2020 9:12:24 AM	Gathering XML indexes
9/27/2020 9:12:24 AM	Gathering Selective XML indexes
9/27/2020 9:12:24 AM	Gathering encrypted triggers
9/27/2020 9:12:24 AM	Gathering triggers
9/27/2020 9:12:24 AM	Gathering encrypted and clr ddl triggers
9/27/2020 9:12:24 AM	Gathering ddl triggers
9/27/2020 9:12:24 AM	Gathering synonyms
9/27/2020 9:12:24 AM	Gathering defaults
9/27/2020 9:12:24 AM	Gathering data constraint uddt bindings
9/27/2020 9:12:24 AM	Gathering rules
9/27/2020 9:12:24 AM	Gathering data constraint uddt bindings
9/27/2020 9:12:24 AM	Gathering message types
9/27/2020 9:12:24 AM	Gathering queues
9/27/2020 9:12:24 AM	Gathering contracts
9/27/2020 9:12:24 AM	Gathering services
9/27/2020 9:12:24 AM	Gathering event notifications
9/27/2020 9:12:24 AM	Gathering remote service bindings
9/27/2020 9:12:24 AM	Gathering broker priorities
9/27/2020 9:12:24 AM	Gathering signatures
9/27/2020 9:12:24 AM	Gathering data compression options
9/27/2020 9:12:24 AM	Gathering sequence types
9/27/2020 9:12:24 AM	Gathering security policies
9/27/2020 9:12:24 AM	Gather column encryption keys
9/27/2020 9:12:24 AM	Gathering column master keys
9/27/2020 9:12:24 AM	Gathering external data sources
9/27/2020 9:12:24 AM	Gathering external file formats
9/27/2020 9:12:24 AM	Gathering external tables
9/27/2020 9:12:24 AM	Gathering extended properties
9/27/2020 9:12:26 AM	Gathering credentials
9/27/2020 9:12:26 AM	Gathering logins
9/27/2020 9:12:26 AM	Gathering server audits
9/27/2020 9:12:27 AM	Scanning project for duplicate elements
9/27/2020 9:12:29 AM	Finished duplicate element processing
9/27/2020 9:12:29 AM	Finished importing database.
9/27/2020 9:12:29 AM	A summary of the import was saved to the following location: C:\Users\Developer2019\source\repos\RatesCalculator.SolutionDesign\RatesCalculator.Database\Import Schema Logs\RatesCalculator.Data_20200927071218.log
9/27/2020 9:12:29 AM	Click Finish to continue...
